taction
tadhoc
tadoc_tracker
talert
talgorithm
talternative
tapplications
tarchitecture
tassumption
tattachment
taudit
tblratracking
tbqf
tbuild
tbuild_stat
tbusiness_plan
tchange_request
tchecklist
tclosure
tcode_types
tcodes
tcommitment
tconstraint
tcontact
tcontrol
tcriteria
tcustomer
tcycle
tdatabase
tdecision
tdefect
tdeliverable
tdepartment
tdesign
tdisaster_plan
tdivision
tdummy
tehs
tehs_hl7
telement
temptable
tenvironment
tepic_cr
terror
tevent
texception
texpectation
texposure
tfacility
tfield
tfile
tform
tfunction
tgap
tgoal
tgui
thc_bfq
thc_contact
thost
timpact
timplementation_plan
tincident
tinterface
tip_tracker
tissue
tissue_log
tjob
tlesson
tlog
tmeasurement
tmessage
tmigrate
tmilestone
tmodule
tobjective
tobservation
toptions
toutage
tpatient
tpermit_division
tplan
tpoint
tpoint_rule
tpolicy
tproblem
tprocedure
tprocess
tproduct
tproject
tproject_plan
tproject_plan_task
tproposal
tqueue
tra
tra_component
tramp
trecord
trelease
treleasenote
tremedy
tremedycti
treport
trequirement
tresponsibility
treview
trfc
trfc_worklog
trisk
trisk_plan
trnote
trss
trule
tsbar
tscope
tsecurity_cklist
tsegment
tservice
tservice_level
tservice_request
tsizing
tsql
tsr
tsr_child
tstage
tstage_deliverable
tstandard
tstatus
tstep
tswq
tsystem_interface
ttable
ttask
tterm
ttest
ttest_express
ttest_plan
ttestcase
ttransaction
ttransform
tusage
tuse_case
tuser
tuser_application
tuser_project
tvoc
twaiver
twebinforequests
twork
tworkflow
