vadhoc_excel.sql
vadhoc_list.sql
vbsnsqualform_list.sql
vbuild_excel.sql
vbuild_list.sql
vbuild.sql
vbuild_stat_list.sql
vbuild_stat.sql
vcodes_list.sql
vcodes_show.sql
vcodes.sql
vcode_types_list.sql
vcode_types.sql
vcontrol_list.sql
vcontrol.sql
vexposure_list.sql
vexposure.sql
vhc_contact_excel.sql
vhc_contact_list.sql
vhc_contact.sql
vincident_excel.sql
vincident_list.sql
vincident.sql
vissue_excel.sql
vissue_list.sql
vissue.sql
vlog_list.sql
vmetric_excel.sql
vmetric_list.sql
vobjective_list.sql
vobjective.sql
vpatient_excel.sql
vpatient_list.sql
vpatient.sql
vproject_task_excel.sql
vsbar_excel.sql
vsbar_list.sql
vsbar.sql
vsr_child_list.sql
vsr_child.sql
vsr_excel.sql
vsr_list.sql
vsr.sql
vuser_list.sql
vuser.sql
vworkeffort.sql
